[14-Nov-2018 02:34:16 UTC] PHP Warning:  require(Employee/header.php): failed to open stream: No such file or directory in /home/ubuntu/workspace/Employee/employee.php on line 2
[14-Nov-2018 02:34:16 UTC] PHP Stack trace:
[14-Nov-2018 02:34:16 UTC] PHP   1. {main}() /home/ubuntu/workspace/Employee/employee.php:0
[14-Nov-2018 02:34:16 UTC] PHP Fatal error:  require(): Failed opening required 'Employee/header.php' (include_path='.:/usr/share/php:/usr/share/pear') in /home/ubuntu/workspace/Employee/employee.php on line 2
[14-Nov-2018 02:34:16 UTC] PHP Stack trace:
[14-Nov-2018 02:34:16 UTC] PHP   1. {main}() /home/ubuntu/workspace/Employee/employee.php:0
[14-Nov-2018 02:34:51 UTC] PHP Warning:  require(/Employee/header.php): failed to open stream: No such file or directory in /home/ubuntu/workspace/Employee/employee.php on line 2
[14-Nov-2018 02:34:51 UTC] PHP Stack trace:
[14-Nov-2018 02:34:51 UTC] PHP   1. {main}() /home/ubuntu/workspace/Employee/employee.php:0
[14-Nov-2018 02:34:51 UTC] PHP Fatal error:  require(): Failed opening required '/Employee/header.php' (include_path='.:/usr/share/php:/usr/share/pear') in /home/ubuntu/workspace/Employee/employee.php on line 2
[14-Nov-2018 02:34:51 UTC] PHP Stack trace:
[14-Nov-2018 02:34:51 UTC] PHP   1. {main}() /home/ubuntu/workspace/Employee/employee.php:0
[14-Nov-2018 02:34:54 UTC] PHP Warning:  require(/Employee/header.php): failed to open stream: No such file or directory in /home/ubuntu/workspace/Employee/employee.php on line 2
[14-Nov-2018 02:34:54 UTC] PHP Stack trace:
[14-Nov-2018 02:34:54 UTC] PHP   1. {main}() /home/ubuntu/workspace/Employee/employee.php:0
[14-Nov-2018 02:34:54 UTC] PHP Fatal error:  require(): Failed opening required '/Employee/header.php' (include_path='.:/usr/share/php:/usr/share/pear') in /home/ubuntu/workspace/Employee/employee.php on line 2
[14-Nov-2018 02:34:54 UTC] PHP Stack trace:
[14-Nov-2018 02:34:54 UTC] PHP   1. {main}() /home/ubuntu/workspace/Employee/employee.php:0
[14-Nov-2018 02:35:27 UTC] PHP Warning:  require(fight-club/Employee/header.php): failed to open stream: No such file or directory in /home/ubuntu/workspace/Employee/employee.php on line 2
[14-Nov-2018 02:35:27 UTC] PHP Stack trace:
[14-Nov-2018 02:35:27 UTC] PHP   1. {main}() /home/ubuntu/workspace/Employee/employee.php:0
[14-Nov-2018 02:35:27 UTC] PHP Fatal error:  require(): Failed opening required 'fight-club/Employee/header.php' (include_path='.:/usr/share/php:/usr/share/pear') in /home/ubuntu/workspace/Employee/employee.php on line 2
[14-Nov-2018 02:35:27 UTC] PHP Stack trace:
[14-Nov-2018 02:35:27 UTC] PHP   1. {main}() /home/ubuntu/workspace/Employee/employee.php:0
[14-Nov-2018 02:35:43 UTC] PHP Warning:  require(Employee/footer.php): failed to open stream: No such file or directory in /home/ubuntu/workspace/Employee/employee.php on line 11
[14-Nov-2018 02:35:43 UTC] PHP Stack trace:
[14-Nov-2018 02:35:43 UTC] PHP   1. {main}() /home/ubuntu/workspace/Employee/employee.php:0
[14-Nov-2018 02:35:43 UTC] PHP Fatal error:  require(): Failed opening required 'Employee/footer.php' (include_path='.:/usr/share/php:/usr/share/pear') in /home/ubuntu/workspace/Employee/employee.php on line 11
[14-Nov-2018 02:35:43 UTC] PHP Stack trace:
[14-Nov-2018 02:35:43 UTC] PHP   1. {main}() /home/ubuntu/workspace/Employee/employee.php:0
[14-Nov-2018 04:01:17 UTC] PHP Parse error:  syntax error, unexpected 'includese' (T_STRING), expecting ',' or ';' in /home/ubuntu/workspace/Employee/header.php on line 19
[14-Nov-2018 04:01:17 UTC] PHP Stack trace:
[14-Nov-2018 04:01:17 UTC] PHP   1. {main}() /home/ubuntu/workspace/Employee/employee.php:0
[14-Nov-2018 04:01:30 UTC] PHP Parse error:  syntax error, unexpected 'includese' (T_STRING), expecting ',' or ';' in /home/ubuntu/workspace/Employee/header.php on line 19
[14-Nov-2018 04:01:30 UTC] PHP Stack trace:
[14-Nov-2018 04:01:30 UTC] PHP   1. {main}() /home/ubuntu/workspace/Employee/employee.php:0
[14-Nov-2018 17:18:32 UTC] PHP Parse error:  syntax error, unexpected 'class' (T_CLASS), expecting ',' or ';' in /home/ubuntu/workspace/Employee/header.php on line 67
[14-Nov-2018 17:18:32 UTC] PHP Stack trace:
[14-Nov-2018 17:18:32 UTC] PHP   1. {main}() /home/ubuntu/workspace/Employee/employee.php:0
[16-Nov-2018 16:59:52 UTC] PHP Warning:  require(loggedin.php): failed to open stream: No such file or directory in /home/ubuntu/workspace/Employee/employee.php on line 9
[16-Nov-2018 16:59:52 UTC] PHP Stack trace:
[16-Nov-2018 16:59:52 UTC] PHP   1. {main}() /home/ubuntu/workspace/Employee/employee.php:0
[16-Nov-2018 16:59:52 UTC] PHP Fatal error:  require(): Failed opening required 'loggedin.php' (include_path='.:/usr/share/php:/usr/share/pear') in /home/ubuntu/workspace/Employee/employee.php on line 9
[16-Nov-2018 16:59:52 UTC] PHP Stack trace:
[16-Nov-2018 16:59:52 UTC] PHP   1. {main}() /home/ubuntu/workspace/Employee/employee.php:0
[30-Nov-2018 17:05:15 UTC] PHP Parse error:  syntax error, unexpected '$row' (T_VARIABLE), expecting '(' in /home/ubuntu/workspace/Employee/loggedin.php on line 31
[30-Nov-2018 17:05:15 UTC] PHP Stack trace:
[30-Nov-2018 17:05:15 UTC] PHP   1. {main}() /home/ubuntu/workspace/Employee/employee.php:0
[30-Nov-2018 17:11:25 UTC] PHP Parse error:  syntax error, unexpected '$row' (T_VARIABLE), expecting '(' in /home/ubuntu/workspace/Employee/loggedin.php on line 31
[30-Nov-2018 17:11:25 UTC] PHP Stack trace:
[30-Nov-2018 17:11:25 UTC] PHP   1. {main}() /home/ubuntu/workspace/Employee/employee.php:0
[30-Nov-2018 17:13:20 UTC] PHP Parse error:  syntax error, unexpected '}', expecting ',' or ';' in /home/ubuntu/workspace/Employee/loggedin.php on line 38
[30-Nov-2018 17:13:20 UTC] PHP Stack trace:
[30-Nov-2018 17:13:20 UTC] PHP   1. {main}() /home/ubuntu/workspace/Employee/employee.php:0
[30-Nov-2018 17:20:16 UTC] PHP Parse error:  syntax error, unexpected '}' in /home/ubuntu/workspace/Employee/loggedin.php on line 31
[30-Nov-2018 17:20:16 UTC] PHP Stack trace:
[30-Nov-2018 17:20:16 UTC] PHP   1. {main}() /home/ubuntu/workspace/Employee/employee.php:0
[30-Nov-2018 17:21:39 UTC] PHP Fatal error:  Call to a member function query() on a non-object in /home/ubuntu/workspace/Employee/loggedin.php on line 34
[30-Nov-2018 17:21:39 UTC] PHP Stack trace:
[30-Nov-2018 17:21:39 UTC] PHP   1. {main}() /home/ubuntu/workspace/Employee/employee.php:0
[30-Nov-2018 17:21:39 UTC] PHP   2. require() /home/ubuntu/workspace/Employee/employee.php:9
[30-Nov-2018 17:22:19 UTC] PHP Warning:  require(dbh.inc.php): failed to open stream: No such file or directory in /home/ubuntu/workspace/Employee/employee.php on line 9
[30-Nov-2018 17:22:19 UTC] PHP Stack trace:
[30-Nov-2018 17:22:19 UTC] PHP   1. {main}() /home/ubuntu/workspace/Employee/employee.php:0
[30-Nov-2018 17:22:19 UTC] PHP Fatal error:  require(): Failed opening required 'dbh.inc.php' (include_path='.:/usr/share/php:/usr/share/pear') in /home/ubuntu/workspace/Employee/employee.php on line 9
[30-Nov-2018 17:22:19 UTC] PHP Stack trace:
[30-Nov-2018 17:22:19 UTC] PHP   1. {main}() /home/ubuntu/workspace/Employee/employee.php:0
[30-Nov-2018 17:22:20 UTC] PHP Warning:  require(dbh.inc.php): failed to open stream: No such file or directory in /home/ubuntu/workspace/Employee/employee.php on line 9
[30-Nov-2018 17:22:20 UTC] PHP Stack trace:
[30-Nov-2018 17:22:20 UTC] PHP   1. {main}() /home/ubuntu/workspace/Employee/employee.php:0
[30-Nov-2018 17:22:20 UTC] PHP Fatal error:  require(): Failed opening required 'dbh.inc.php' (include_path='.:/usr/share/php:/usr/share/pear') in /home/ubuntu/workspace/Employee/employee.php on line 9
[30-Nov-2018 17:22:20 UTC] PHP Stack trace:
[30-Nov-2018 17:22:20 UTC] PHP   1. {main}() /home/ubuntu/workspace/Employee/employee.php:0
[30-Nov-2018 17:23:01 UTC] PHP Warning:  require(/Employee/includese/dbh.inc.php): failed to open stream: No such file or directory in /home/ubuntu/workspace/Employee/employee.php on line 9
[30-Nov-2018 17:23:01 UTC] PHP Stack trace:
[30-Nov-2018 17:23:01 UTC] PHP   1. {main}() /home/ubuntu/workspace/Employee/employee.php:0
[30-Nov-2018 17:23:01 UTC] PHP Fatal error:  require(): Failed opening required '/Employee/includese/dbh.inc.php' (include_path='.:/usr/share/php:/usr/share/pear') in /home/ubuntu/workspace/Employee/employee.php on line 9
[30-Nov-2018 17:23:01 UTC] PHP Stack trace:
[30-Nov-2018 17:23:01 UTC] PHP   1. {main}() /home/ubuntu/workspace/Employee/employee.php:0
[30-Nov-2018 17:23:27 UTC] PHP Warning:  require(/Employee/includese/dbh.inc.php): failed to open stream: No such file or directory in /home/ubuntu/workspace/Employee/employee.php on line 9
[30-Nov-2018 17:23:27 UTC] PHP Stack trace:
[30-Nov-2018 17:23:27 UTC] PHP   1. {main}() /home/ubuntu/workspace/Employee/employee.php:0
[30-Nov-2018 17:23:27 UTC] PHP Fatal error:  require(): Failed opening required '/Employee/includese/dbh.inc.php' (include_path='.:/usr/share/php:/usr/share/pear') in /home/ubuntu/workspace/Employee/employee.php on line 9
[30-Nov-2018 17:23:27 UTC] PHP Stack trace:
[30-Nov-2018 17:23:27 UTC] PHP   1. {main}() /home/ubuntu/workspace/Employee/employee.php:0
[30-Nov-2018 17:23:48 UTC] PHP Warning:  require(/fight-club/Employee/includese/dbh.inc.php): failed to open stream: No such file or directory in /home/ubuntu/workspace/Employee/employee.php on line 9
[30-Nov-2018 17:23:48 UTC] PHP Stack trace:
[30-Nov-2018 17:23:48 UTC] PHP   1. {main}() /home/ubuntu/workspace/Employee/employee.php:0
[30-Nov-2018 17:23:48 UTC] PHP Fatal error:  require(): Failed opening required '/fight-club/Employee/includese/dbh.inc.php' (include_path='.:/usr/share/php:/usr/share/pear') in /home/ubuntu/workspace/Employee/employee.php on line 9
[30-Nov-2018 17:23:48 UTC] PHP Stack trace:
[30-Nov-2018 17:23:48 UTC] PHP   1. {main}() /home/ubuntu/workspace/Employee/employee.php:0
[30-Nov-2018 17:23:49 UTC] PHP Warning:  require(/fight-club/Employee/includese/dbh.inc.php): failed to open stream: No such file or directory in /home/ubuntu/workspace/Employee/employee.php on line 9
[30-Nov-2018 17:23:49 UTC] PHP Stack trace:
[30-Nov-2018 17:23:49 UTC] PHP   1. {main}() /home/ubuntu/workspace/Employee/employee.php:0
[30-Nov-2018 17:23:49 UTC] PHP Fatal error:  require(): Failed opening required '/fight-club/Employee/includese/dbh.inc.php' (include_path='.:/usr/share/php:/usr/share/pear') in /home/ubuntu/workspace/Employee/employee.php on line 9
[30-Nov-2018 17:23:49 UTC] PHP Stack trace:
[30-Nov-2018 17:23:49 UTC] PHP   1. {main}() /home/ubuntu/workspace/Employee/employee.php:0
[30-Nov-2018 17:23:49 UTC] PHP Warning:  require(/fight-club/Employee/includese/dbh.inc.php): failed to open stream: No such file or directory in /home/ubuntu/workspace/Employee/employee.php on line 9
[30-Nov-2018 17:23:49 UTC] PHP Stack trace:
[30-Nov-2018 17:23:49 UTC] PHP   1. {main}() /home/ubuntu/workspace/Employee/employee.php:0
[30-Nov-2018 17:23:49 UTC] PHP Fatal error:  require(): Failed opening required '/fight-club/Employee/includese/dbh.inc.php' (include_path='.:/usr/share/php:/usr/share/pear') in /home/ubuntu/workspace/Employee/employee.php on line 9
[30-Nov-2018 17:23:49 UTC] PHP Stack trace:
[30-Nov-2018 17:23:49 UTC] PHP   1. {main}() /home/ubuntu/workspace/Employee/employee.php:0
[30-Nov-2018 17:23:49 UTC] PHP Warning:  require(/fight-club/Employee/includese/dbh.inc.php): failed to open stream: No such file or directory in /home/ubuntu/workspace/Employee/employee.php on line 9
[30-Nov-2018 17:23:49 UTC] PHP Stack trace:
[30-Nov-2018 17:23:49 UTC] PHP   1. {main}() /home/ubuntu/workspace/Employee/employee.php:0
[30-Nov-2018 17:23:49 UTC] PHP Fatal error:  require(): Failed opening required '/fight-club/Employee/includese/dbh.inc.php' (include_path='.:/usr/share/php:/usr/share/pear') in /home/ubuntu/workspace/Employee/employee.php on line 9
[30-Nov-2018 17:23:49 UTC] PHP Stack trace:
[30-Nov-2018 17:23:49 UTC] PHP   1. {main}() /home/ubuntu/workspace/Employee/employee.php:0
[30-Nov-2018 17:23:49 UTC] PHP Warning:  require(/fight-club/Employee/includese/dbh.inc.php): failed to open stream: No such file or directory in /home/ubuntu/workspace/Employee/employee.php on line 9
[30-Nov-2018 17:23:49 UTC] PHP Stack trace:
[30-Nov-2018 17:23:49 UTC] PHP   1. {main}() /home/ubuntu/workspace/Employee/employee.php:0
[30-Nov-2018 17:23:49 UTC] PHP Fatal error:  require(): Failed opening required '/fight-club/Employee/includese/dbh.inc.php' (include_path='.:/usr/share/php:/usr/share/pear') in /home/ubuntu/workspace/Employee/employee.php on line 9
[30-Nov-2018 17:23:49 UTC] PHP Stack trace:
[30-Nov-2018 17:23:49 UTC] PHP   1. {main}() /home/ubuntu/workspace/Employee/employee.php:0
[30-Nov-2018 17:23:49 UTC] PHP Warning:  require(/fight-club/Employee/includese/dbh.inc.php): failed to open stream: No such file or directory in /home/ubuntu/workspace/Employee/employee.php on line 9
[30-Nov-2018 17:23:49 UTC] PHP Stack trace:
[30-Nov-2018 17:23:49 UTC] PHP   1. {main}() /home/ubuntu/workspace/Employee/employee.php:0
[30-Nov-2018 17:23:49 UTC] PHP Fatal error:  require(): Failed opening required '/fight-club/Employee/includese/dbh.inc.php' (include_path='.:/usr/share/php:/usr/share/pear') in /home/ubuntu/workspace/Employee/employee.php on line 9
[30-Nov-2018 17:23:49 UTC] PHP Stack trace:
[30-Nov-2018 17:23:49 UTC] PHP   1. {main}() /home/ubuntu/workspace/Employee/employee.php:0
[30-Nov-2018 17:23:50 UTC] PHP Warning:  require(/fight-club/Employee/includese/dbh.inc.php): failed to open stream: No such file or directory in /home/ubuntu/workspace/Employee/employee.php on line 9
[30-Nov-2018 17:23:50 UTC] PHP Stack trace:
[30-Nov-2018 17:23:50 UTC] PHP   1. {main}() /home/ubuntu/workspace/Employee/employee.php:0
[30-Nov-2018 17:23:50 UTC] PHP Fatal error:  require(): Failed opening required '/fight-club/Employee/includese/dbh.inc.php' (include_path='.:/usr/share/php:/usr/share/pear') in /home/ubuntu/workspace/Employee/employee.php on line 9
[30-Nov-2018 17:23:50 UTC] PHP Stack trace:
[30-Nov-2018 17:23:50 UTC] PHP   1. {main}() /home/ubuntu/workspace/Employee/employee.php:0
[30-Nov-2018 17:23:50 UTC] PHP Warning:  require(/fight-club/Employee/includese/dbh.inc.php): failed to open stream: No such file or directory in /home/ubuntu/workspace/Employee/employee.php on line 9
[30-Nov-2018 17:23:50 UTC] PHP Stack trace:
[30-Nov-2018 17:23:50 UTC] PHP   1. {main}() /home/ubuntu/workspace/Employee/employee.php:0
[30-Nov-2018 17:23:50 UTC] PHP Fatal error:  require(): Failed opening required '/fight-club/Employee/includese/dbh.inc.php' (include_path='.:/usr/share/php:/usr/share/pear') in /home/ubuntu/workspace/Employee/employee.php on line 9
[30-Nov-2018 17:23:50 UTC] PHP Stack trace:
[30-Nov-2018 17:23:50 UTC] PHP   1. {main}() /home/ubuntu/workspace/Employee/employee.php:0
[30-Nov-2018 17:23:50 UTC] PHP Warning:  require(/fight-club/Employee/includese/dbh.inc.php): failed to open stream: No such file or directory in /home/ubuntu/workspace/Employee/employee.php on line 9
[30-Nov-2018 17:23:50 UTC] PHP Stack trace:
[30-Nov-2018 17:23:50 UTC] PHP   1. {main}() /home/ubuntu/workspace/Employee/employee.php:0
[30-Nov-2018 17:23:50 UTC] PHP Fatal error:  require(): Failed opening required '/fight-club/Employee/includese/dbh.inc.php' (include_path='.:/usr/share/php:/usr/share/pear') in /home/ubuntu/workspace/Employee/employee.php on line 9
[30-Nov-2018 17:23:50 UTC] PHP Stack trace:
[30-Nov-2018 17:23:50 UTC] PHP   1. {main}() /home/ubuntu/workspace/Employee/employee.php:0
[30-Nov-2018 17:23:50 UTC] PHP Warning:  require(/fight-club/Employee/includese/dbh.inc.php): failed to open stream: No such file or directory in /home/ubuntu/workspace/Employee/employee.php on line 9
[30-Nov-2018 17:23:50 UTC] PHP Stack trace:
[30-Nov-2018 17:23:50 UTC] PHP   1. {main}() /home/ubuntu/workspace/Employee/employee.php:0
[30-Nov-2018 17:23:50 UTC] PHP Fatal error:  require(): Failed opening required '/fight-club/Employee/includese/dbh.inc.php' (include_path='.:/usr/share/php:/usr/share/pear') in /home/ubuntu/workspace/Employee/employee.php on line 9
[30-Nov-2018 17:23:50 UTC] PHP Stack trace:
[30-Nov-2018 17:23:50 UTC] PHP   1. {main}() /home/ubuntu/workspace/Employee/employee.php:0
[30-Nov-2018 17:24:17 UTC] PHP Warning:  require(//dbh.inc.php): failed to open stream: No such file or directory in /home/ubuntu/workspace/Employee/employee.php on line 9
[30-Nov-2018 17:24:17 UTC] PHP Stack trace:
[30-Nov-2018 17:24:17 UTC] PHP   1. {main}() /home/ubuntu/workspace/Employee/employee.php:0
[30-Nov-2018 17:24:17 UTC] PHP Fatal error:  require(): Failed opening required '//dbh.inc.php' (include_path='.:/usr/share/php:/usr/share/pear') in /home/ubuntu/workspace/Employee/employee.php on line 9
[30-Nov-2018 17:24:17 UTC] PHP Stack trace:
[30-Nov-2018 17:24:17 UTC] PHP   1. {main}() /home/ubuntu/workspace/Employee/employee.php:0
[30-Nov-2018 17:24:23 UTC] PHP Warning:  require(/dbh.inc.php): failed to open stream: No such file or directory in /home/ubuntu/workspace/Employee/employee.php on line 9
[30-Nov-2018 17:24:23 UTC] PHP Stack trace:
[30-Nov-2018 17:24:23 UTC] PHP   1. {main}() /home/ubuntu/workspace/Employee/employee.php:0
[30-Nov-2018 17:24:23 UTC] PHP Fatal error:  require(): Failed opening required '/dbh.inc.php' (include_path='.:/usr/share/php:/usr/share/pear') in /home/ubuntu/workspace/Employee/employee.php on line 9
[30-Nov-2018 17:24:23 UTC] PHP Stack trace:
[30-Nov-2018 17:24:23 UTC] PHP   1. {main}() /home/ubuntu/workspace/Employee/employee.php:0
[30-Nov-2018 17:25:59 UTC] PHP Warning:  require(/Employee/includese/dbh.inc.php): failed to open stream: No such file or directory in /home/ubuntu/workspace/Employee/employee.php on line 9
[30-Nov-2018 17:25:59 UTC] PHP Stack trace:
[30-Nov-2018 17:25:59 UTC] PHP   1. {main}() /home/ubuntu/workspace/Employee/employee.php:0
[30-Nov-2018 17:25:59 UTC] PHP Fatal error:  require(): Failed opening required '/Employee/includese/dbh.inc.php' (include_path='.:/usr/share/php:/usr/share/pear') in /home/ubuntu/workspace/Employee/employee.php on line 9
[30-Nov-2018 17:25:59 UTC] PHP Stack trace:
[30-Nov-2018 17:25:59 UTC] PHP   1. {main}() /home/ubuntu/workspace/Employee/employee.php:0
[30-Nov-2018 17:26:19 UTC] PHP Warning:  require(/includese/dbh.inc.php): failed to open stream: No such file or directory in /home/ubuntu/workspace/Employee/employee.php on line 9
[30-Nov-2018 17:26:19 UTC] PHP Stack trace:
[30-Nov-2018 17:26:19 UTC] PHP   1. {main}() /home/ubuntu/workspace/Employee/employee.php:0
[30-Nov-2018 17:26:19 UTC] PHP Fatal error:  require(): Failed opening required '/includese/dbh.inc.php' (include_path='.:/usr/share/php:/usr/share/pear') in /home/ubuntu/workspace/Employee/employee.php on line 9
[30-Nov-2018 17:26:19 UTC] PHP Stack trace:
[30-Nov-2018 17:26:19 UTC] PHP   1. {main}() /home/ubuntu/workspace/Employee/employee.php:0
[30-Nov-2018 17:26:20 UTC] PHP Warning:  require(/includese/dbh.inc.php): failed to open stream: No such file or directory in /home/ubuntu/workspace/Employee/employee.php on line 9
[30-Nov-2018 17:26:20 UTC] PHP Stack trace:
[30-Nov-2018 17:26:20 UTC] PHP   1. {main}() /home/ubuntu/workspace/Employee/employee.php:0
[30-Nov-2018 17:26:20 UTC] PHP Fatal error:  require(): Failed opening required '/includese/dbh.inc.php' (include_path='.:/usr/share/php:/usr/share/pear') in /home/ubuntu/workspace/Employee/employee.php on line 9
[30-Nov-2018 17:26:20 UTC] PHP Stack trace:
[30-Nov-2018 17:26:20 UTC] PHP   1. {main}() /home/ubuntu/workspace/Employee/employee.php:0
[30-Nov-2018 17:26:52 UTC] PHP Warning:  require(/includese/dbh.inc.php): failed to open stream: No such file or directory in /home/ubuntu/workspace/Employee/employee.php on line 9
[30-Nov-2018 17:26:52 UTC] PHP Stack trace:
[30-Nov-2018 17:26:52 UTC] PHP   1. {main}() /home/ubuntu/workspace/Employee/employee.php:0
[30-Nov-2018 17:26:52 UTC] PHP Fatal error:  require(): Failed opening required '/includese/dbh.inc.php' (include_path='.:/usr/share/php:/usr/share/pear') in /home/ubuntu/workspace/Employee/employee.php on line 9
[30-Nov-2018 17:26:52 UTC] PHP Stack trace:
[30-Nov-2018 17:26:52 UTC] PHP   1. {main}() /home/ubuntu/workspace/Employee/employee.php:0
[11-Dec-2018 00:11:14 UTC] PHP Warning:  require(/Employee/includese/dbh.inc.php): failed to open stream: No such file or directory in /home/ubuntu/workspace/Order/form.php on line 3
[11-Dec-2018 00:11:14 UTC] PHP Stack trace:
[11-Dec-2018 00:11:14 UTC] PHP   1. {main}() /home/ubuntu/workspace/Order/form.php:0
[11-Dec-2018 00:11:14 UTC] PHP Fatal error:  require(): Failed opening required '/Employee/includese/dbh.inc.php' (include_path='.:/usr/share/php:/usr/share/pear') in /home/ubuntu/workspace/Order/form.php on line 3
[11-Dec-2018 00:11:14 UTC] PHP Stack trace:
[11-Dec-2018 00:11:14 UTC] PHP   1. {main}() /home/ubuntu/workspace/Order/form.php:0
[11-Dec-2018 00:11:26 UTC] PHP Warning:  require(Employee/includese/dbh.inc.php): failed to open stream: No such file or directory in /home/ubuntu/workspace/Order/form.php on line 3
[11-Dec-2018 00:11:26 UTC] PHP Stack trace:
[11-Dec-2018 00:11:26 UTC] PHP   1. {main}() /home/ubuntu/workspace/Order/form.php:0
[11-Dec-2018 00:11:26 UTC] PHP Fatal error:  require(): Failed opening required 'Employee/includese/dbh.inc.php' (include_path='.:/usr/share/php:/usr/share/pear') in /home/ubuntu/workspace/Order/form.php on line 3
[11-Dec-2018 00:11:26 UTC] PHP Stack trace:
[11-Dec-2018 00:11:26 UTC] PHP   1. {main}() /home/ubuntu/workspace/Order/form.php:0
[11-Dec-2018 00:11:35 UTC] PHP Warning:  require(//Employee/includese/dbh.inc.php): failed to open stream: No such file or directory in /home/ubuntu/workspace/Order/form.php on line 3
[11-Dec-2018 00:11:35 UTC] PHP Stack trace:
[11-Dec-2018 00:11:35 UTC] PHP   1. {main}() /home/ubuntu/workspace/Order/form.php:0
[11-Dec-2018 00:11:35 UTC] PHP Fatal error:  require(): Failed opening required '//Employee/includese/dbh.inc.php' (include_path='.:/usr/share/php:/usr/share/pear') in /home/ubuntu/workspace/Order/form.php on line 3
[11-Dec-2018 00:11:35 UTC] PHP Stack trace:
[11-Dec-2018 00:11:35 UTC] PHP   1. {main}() /home/ubuntu/workspace/Order/form.php:0
[11-Dec-2018 00:35:55 UTC] PHP Warning:  mysqli_query() expects parameter 1 to be mysqli, null given in /home/ubuntu/workspace/Order/orderform.php on line 3
[11-Dec-2018 00:35:55 UTC] PHP Stack trace:
[11-Dec-2018 00:35:55 UTC] PHP   1. {main}() /home/ubuntu/workspace/Order/orderform.php:0
[11-Dec-2018 00:35:55 UTC] PHP   2. mysqli_query() /home/ubuntu/workspace/Order/orderform.php:3
[11-Dec-2018 00:37:19 UTC] PHP Warning:  mysqli_query() expects parameter 1 to be mysqli, null given in /home/ubuntu/workspace/Order/orderform.php on line 3
[11-Dec-2018 00:37:19 UTC] PHP Stack trace:
[11-Dec-2018 00:37:19 UTC] PHP   1. {main}() /home/ubuntu/workspace/Order/orderform.php:0
[11-Dec-2018 00:37:19 UTC] PHP   2. mysqli_query() /home/ubuntu/workspace/Order/orderform.php:3
[11-Dec-2018 00:37:22 UTC] PHP Warning:  mysqli_query() expects parameter 1 to be mysqli, null given in /home/ubuntu/workspace/Order/orderform.php on line 3
[11-Dec-2018 00:37:22 UTC] PHP Stack trace:
[11-Dec-2018 00:37:22 UTC] PHP   1. {main}() /home/ubuntu/workspace/Order/orderform.php:0
[11-Dec-2018 00:37:22 UTC] PHP   2. mysqli_query() /home/ubuntu/workspace/Order/orderform.php:3
[11-Dec-2018 00:37:44 UTC] PHP Warning:  mysqli_query() expects parameter 1 to be mysqli, null given in /home/ubuntu/workspace/Order/orderform.php on line 3
[11-Dec-2018 00:37:44 UTC] PHP Stack trace:
[11-Dec-2018 00:37:44 UTC] PHP   1. {main}() /home/ubuntu/workspace/Order/orderform.php:0
[11-Dec-2018 00:37:44 UTC] PHP   2. mysqli_query() /home/ubuntu/workspace/Order/orderform.php:3
[11-Dec-2018 19:04:03 UTC] PHP Fatal error:  Only variables can be passed by reference in /home/ubuntu/workspace/Order/orderform.php on line 26
[12-Dec-2018 18:25:32 UTC] PHP Parse error:  syntax error, unexpected 'else' (T_ELSE) in /home/ubuntu/workspace/Order/orderform.php on line 28
[12-Dec-2018 18:41:17 UTC] PHP Parse error:  syntax error, unexpected '"', expecting identifier (T_STRING) or variable (T_VARIABLE) or number (T_NUM_STRING) in /home/ubuntu/workspace/Order/orderform.php on line 16
[13-Dec-2018 17:33:29 UTC] PHP Parse error:  syntax error, unexpected '$result' (T_VARIABLE) in /home/ubuntu/workspace/Employee/loggedin.php on line 39
[13-Dec-2018 17:33:29 UTC] PHP Stack trace:
[13-Dec-2018 17:33:29 UTC] PHP   1. {main}() /home/ubuntu/workspace/Employee/employee.php:0
[13-Dec-2018 17:35:10 UTC] PHP Warning:  mysqli::query() expects parameter 2 to be long, string given in /home/ubuntu/workspace/Employee/loggedin.php on line 39
[13-Dec-2018 17:35:10 UTC] PHP Stack trace:
[13-Dec-2018 17:35:10 UTC] PHP   1. {main}() /home/ubuntu/workspace/Employee/employee.php:0
[13-Dec-2018 17:35:10 UTC] PHP   2. require() /home/ubuntu/workspace/Employee/employee.php:10
[13-Dec-2018 17:35:10 UTC] PHP   3. mysqli->query() /home/ubuntu/workspace/Employee/loggedin.php:39
[13-Dec-2018 17:36:07 UTC] PHP Warning:  mysqli::query() expects parameter 2 to be long, string given in /home/ubuntu/workspace/Employee/loggedin.php on line 39
[13-Dec-2018 17:36:07 UTC] PHP Stack trace:
[13-Dec-2018 17:36:07 UTC] PHP   1. {main}() /home/ubuntu/workspace/Employee/employee.php:0
[13-Dec-2018 17:36:07 UTC] PHP   2. require() /home/ubuntu/workspace/Employee/employee.php:10
[13-Dec-2018 17:36:07 UTC] PHP   3. mysqli->query() /home/ubuntu/workspace/Employee/loggedin.php:39
[13-Dec-2018 18:20:38 UTC] PHP Warning:  mysqli::query() expects parameter 2 to be long, string given in /home/ubuntu/workspace/Employee/loggedin.php on line 39
[13-Dec-2018 18:20:38 UTC] PHP Stack trace:
[13-Dec-2018 18:20:38 UTC] PHP   1. {main}() /home/ubuntu/workspace/Employee/employee.php:0
[13-Dec-2018 18:20:38 UTC] PHP   2. require() /home/ubuntu/workspace/Employee/employee.php:10
[13-Dec-2018 18:20:38 UTC] PHP   3. mysqli->query() /home/ubuntu/workspace/Employee/loggedin.php:39
[13-Dec-2018 18:21:23 UTC] PHP Warning:  mysqli::query() expects parameter 2 to be long, string given in /home/ubuntu/workspace/Employee/loggedin.php on line 39
[13-Dec-2018 18:21:23 UTC] PHP Stack trace:
[13-Dec-2018 18:21:23 UTC] PHP   1. {main}() /home/ubuntu/workspace/Employee/employee.php:0
[13-Dec-2018 18:21:23 UTC] PHP   2. require() /home/ubuntu/workspace/Employee/employee.php:10
[13-Dec-2018 18:21:23 UTC] PHP   3. mysqli->query() /home/ubuntu/workspace/Employee/loggedin.php:39
[13-Dec-2018 18:26:56 UTC] PHP Warning:  mysqli::query() expects parameter 2 to be long, string given in /home/ubuntu/workspace/Employee/loggedin.php on line 39
[13-Dec-2018 18:26:56 UTC] PHP Stack trace:
[13-Dec-2018 18:26:56 UTC] PHP   1. {main}() /home/ubuntu/workspace/Employee/employee.php:0
[13-Dec-2018 18:26:56 UTC] PHP   2. require() /home/ubuntu/workspace/Employee/employee.php:10
[13-Dec-2018 18:26:56 UTC] PHP   3. mysqli->query() /home/ubuntu/workspace/Employee/loggedin.php:39
[13-Dec-2018 22:39:56 UTC] PHP Fatal error:  Call to a member function query() on a non-object in /home/ubuntu/workspace/Employee/loggedin.php on line 68
[13-Dec-2018 22:39:56 UTC] PHP Stack trace:
[13-Dec-2018 22:39:56 UTC] PHP   1. {main}() /home/ubuntu/workspace/Employee/employee.php:0
[13-Dec-2018 22:39:56 UTC] PHP   2. require() /home/ubuntu/workspace/Employee/employee.php:10
[13-Dec-2018 22:41:21 UTC] PHP Fatal error:  Call to a member function query() on a non-object in /home/ubuntu/workspace/Employee/loggedin.php on line 68
[13-Dec-2018 22:41:21 UTC] PHP Stack trace:
[13-Dec-2018 22:41:21 UTC] PHP   1. {main}() /home/ubuntu/workspace/Employee/employee.php:0
[13-Dec-2018 22:41:21 UTC] PHP   2. require() /home/ubuntu/workspace/Employee/employee.php:10
[13-Dec-2018 22:41:22 UTC] PHP Fatal error:  Call to a member function query() on a non-object in /home/ubuntu/workspace/Employee/loggedin.php on line 68
[13-Dec-2018 22:41:22 UTC] PHP Stack trace:
[13-Dec-2018 22:41:22 UTC] PHP   1. {main}() /home/ubuntu/workspace/Employee/employee.php:0
[13-Dec-2018 22:41:22 UTC] PHP   2. require() /home/ubuntu/workspace/Employee/employee.php:10
[13-Dec-2018 22:44:09 UTC] PHP Warning:  mysqli::query(): Couldn't fetch mysqli in /home/ubuntu/workspace/Employee/loggedin.php on line 68
[13-Dec-2018 22:44:09 UTC] PHP Stack trace:
[13-Dec-2018 22:44:09 UTC] PHP   1. {main}() /home/ubuntu/workspace/Employee/employee.php:0
[13-Dec-2018 22:44:09 UTC] PHP   2. require() /home/ubuntu/workspace/Employee/employee.php:10
[13-Dec-2018 22:44:09 UTC] PHP   3. mysqli->query() /home/ubuntu/workspace/Employee/loggedin.php:68
[13-Dec-2018 22:44:09 UTC] PHP Warning:  mysqli::close(): Couldn't fetch mysqli in /home/ubuntu/workspace/Employee/loggedin.php on line 78
[13-Dec-2018 22:44:09 UTC] PHP Stack trace:
[13-Dec-2018 22:44:09 UTC] PHP   1. {main}() /home/ubuntu/workspace/Employee/employee.php:0
[13-Dec-2018 22:44:09 UTC] PHP   2. require() /home/ubuntu/workspace/Employee/employee.php:10
[13-Dec-2018 22:44:09 UTC] PHP   3. mysqli->close() /home/ubuntu/workspace/Employee/loggedin.php:78
[13-Dec-2018 22:45:54 UTC] PHP Warning:  mysqli::query(): Couldn't fetch mysqli in /home/ubuntu/workspace/Employee/loggedin.php on line 68
[13-Dec-2018 22:45:54 UTC] PHP Stack trace:
[13-Dec-2018 22:45:54 UTC] PHP   1. {main}() /home/ubuntu/workspace/Employee/employee.php:0
[13-Dec-2018 22:45:54 UTC] PHP   2. require() /home/ubuntu/workspace/Employee/employee.php:10
[13-Dec-2018 22:45:54 UTC] PHP   3. mysqli->query() /home/ubuntu/workspace/Employee/loggedin.php:68
[13-Dec-2018 22:45:54 UTC] PHP Warning:  mysqli::close(): Couldn't fetch mysqli in /home/ubuntu/workspace/Employee/loggedin.php on line 78
[13-Dec-2018 22:45:54 UTC] PHP Stack trace:
[13-Dec-2018 22:45:54 UTC] PHP   1. {main}() /home/ubuntu/workspace/Employee/employee.php:0
[13-Dec-2018 22:45:54 UTC] PHP   2. require() /home/ubuntu/workspace/Employee/employee.php:10
[13-Dec-2018 22:45:54 UTC] PHP   3. mysqli->close() /home/ubuntu/workspace/Employee/loggedin.php:78
[13-Dec-2018 22:45:56 UTC] PHP Warning:  mysqli::query(): Couldn't fetch mysqli in /home/ubuntu/workspace/Employee/loggedin.php on line 68
[13-Dec-2018 22:45:56 UTC] PHP Stack trace:
[13-Dec-2018 22:45:56 UTC] PHP   1. {main}() /home/ubuntu/workspace/Employee/employee.php:0
[13-Dec-2018 22:45:56 UTC] PHP   2. require() /home/ubuntu/workspace/Employee/employee.php:10
[13-Dec-2018 22:45:56 UTC] PHP   3. mysqli->query() /home/ubuntu/workspace/Employee/loggedin.php:68
[13-Dec-2018 22:45:56 UTC] PHP Warning:  mysqli::close(): Couldn't fetch mysqli in /home/ubuntu/workspace/Employee/loggedin.php on line 78
[13-Dec-2018 22:45:56 UTC] PHP Stack trace:
[13-Dec-2018 22:45:56 UTC] PHP   1. {main}() /home/ubuntu/workspace/Employee/employee.php:0
[13-Dec-2018 22:45:56 UTC] PHP   2. require() /home/ubuntu/workspace/Employee/employee.php:10
[13-Dec-2018 22:45:56 UTC] PHP   3. mysqli->close() /home/ubuntu/workspace/Employee/loggedin.php:78
[13-Dec-2018 22:45:57 UTC] PHP Warning:  mysqli::query(): Couldn't fetch mysqli in /home/ubuntu/workspace/Employee/loggedin.php on line 68
[13-Dec-2018 22:45:57 UTC] PHP Stack trace:
[13-Dec-2018 22:45:57 UTC] PHP   1. {main}() /home/ubuntu/workspace/Employee/employee.php:0
[13-Dec-2018 22:45:57 UTC] PHP   2. require() /home/ubuntu/workspace/Employee/employee.php:10
[13-Dec-2018 22:45:57 UTC] PHP   3. mysqli->query() /home/ubuntu/workspace/Employee/loggedin.php:68
[13-Dec-2018 22:45:57 UTC] PHP Warning:  mysqli::close(): Couldn't fetch mysqli in /home/ubuntu/workspace/Employee/loggedin.php on line 78
[13-Dec-2018 22:45:57 UTC] PHP Stack trace:
[13-Dec-2018 22:45:57 UTC] PHP   1. {main}() /home/ubuntu/workspace/Employee/employee.php:0
[13-Dec-2018 22:45:57 UTC] PHP   2. require() /home/ubuntu/workspace/Employee/employee.php:10
[13-Dec-2018 22:45:57 UTC] PHP   3. mysqli->close() /home/ubuntu/workspace/Employee/loggedin.php:78
[13-Dec-2018 22:45:58 UTC] PHP Warning:  mysqli::query(): Couldn't fetch mysqli in /home/ubuntu/workspace/Employee/loggedin.php on line 68
[13-Dec-2018 22:45:58 UTC] PHP Stack trace:
[13-Dec-2018 22:45:58 UTC] PHP   1. {main}() /home/ubuntu/workspace/Employee/employee.php:0
[13-Dec-2018 22:45:58 UTC] PHP   2. require() /home/ubuntu/workspace/Employee/employee.php:10
[13-Dec-2018 22:45:58 UTC] PHP   3. mysqli->query() /home/ubuntu/workspace/Employee/loggedin.php:68
[13-Dec-2018 22:45:58 UTC] PHP Warning:  mysqli::close(): Couldn't fetch mysqli in /home/ubuntu/workspace/Employee/loggedin.php on line 78
[13-Dec-2018 22:45:58 UTC] PHP Stack trace:
[13-Dec-2018 22:45:58 UTC] PHP   1. {main}() /home/ubuntu/workspace/Employee/employee.php:0
[13-Dec-2018 22:45:58 UTC] PHP   2. require() /home/ubuntu/workspace/Employee/employee.php:10
[13-Dec-2018 22:45:58 UTC] PHP   3. mysqli->close() /home/ubuntu/workspace/Employee/loggedin.php:78
[13-Dec-2018 22:47:33 UTC] PHP Warning:  mysqli::query(): Couldn't fetch mysqli in /home/ubuntu/workspace/Employee/loggedin.php on line 68
[13-Dec-2018 22:47:33 UTC] PHP Stack trace:
[13-Dec-2018 22:47:33 UTC] PHP   1. {main}() /home/ubuntu/workspace/Employee/employee.php:0
[13-Dec-2018 22:47:33 UTC] PHP   2. require() /home/ubuntu/workspace/Employee/employee.php:10
[13-Dec-2018 22:47:33 UTC] PHP   3. mysqli->query() /home/ubuntu/workspace/Employee/loggedin.php:68
[13-Dec-2018 22:47:33 UTC] PHP Warning:  mysqli::close(): Couldn't fetch mysqli in /home/ubuntu/workspace/Employee/loggedin.php on line 78
[13-Dec-2018 22:47:33 UTC] PHP Stack trace:
[13-Dec-2018 22:47:33 UTC] PHP   1. {main}() /home/ubuntu/workspace/Employee/employee.php:0
[13-Dec-2018 22:47:33 UTC] PHP   2. require() /home/ubuntu/workspace/Employee/employee.php:10
[13-Dec-2018 22:47:33 UTC] PHP   3. mysqli->close() /home/ubuntu/workspace/Employee/loggedin.php:78
[13-Dec-2018 22:48:22 UTC] PHP Warning:  mysqli::query(): Couldn't fetch mysqli in /home/ubuntu/workspace/Employee/loggedin.php on line 68
[13-Dec-2018 22:48:22 UTC] PHP Stack trace:
[13-Dec-2018 22:48:22 UTC] PHP   1. {main}() /home/ubuntu/workspace/Employee/employee.php:0
[13-Dec-2018 22:48:22 UTC] PHP   2. require() /home/ubuntu/workspace/Employee/employee.php:10
[13-Dec-2018 22:48:22 UTC] PHP   3. mysqli->query() /home/ubuntu/workspace/Employee/loggedin.php:68
[13-Dec-2018 22:48:22 UTC] PHP Warning:  mysqli::close(): Couldn't fetch mysqli in /home/ubuntu/workspace/Employee/loggedin.php on line 78
[13-Dec-2018 22:48:22 UTC] PHP Stack trace:
[13-Dec-2018 22:48:22 UTC] PHP   1. {main}() /home/ubuntu/workspace/Employee/employee.php:0
[13-Dec-2018 22:48:22 UTC] PHP   2. require() /home/ubuntu/workspace/Employee/employee.php:10
[13-Dec-2018 22:48:22 UTC] PHP   3. mysqli->close() /home/ubuntu/workspace/Employee/loggedin.php:78
[13-Dec-2018 22:48:24 UTC] PHP Warning:  mysqli::query(): Couldn't fetch mysqli in /home/ubuntu/workspace/Employee/loggedin.php on line 68
[13-Dec-2018 22:48:24 UTC] PHP Stack trace:
[13-Dec-2018 22:48:24 UTC] PHP   1. {main}() /home/ubuntu/workspace/Employee/employee.php:0
[13-Dec-2018 22:48:24 UTC] PHP   2. require() /home/ubuntu/workspace/Employee/employee.php:10
[13-Dec-2018 22:48:24 UTC] PHP   3. mysqli->query() /home/ubuntu/workspace/Employee/loggedin.php:68
[13-Dec-2018 22:48:24 UTC] PHP Warning:  mysqli::close(): Couldn't fetch mysqli in /home/ubuntu/workspace/Employee/loggedin.php on line 78
[13-Dec-2018 22:48:24 UTC] PHP Stack trace:
[13-Dec-2018 22:48:24 UTC] PHP   1. {main}() /home/ubuntu/workspace/Employee/employee.php:0
[13-Dec-2018 22:48:24 UTC] PHP   2. require() /home/ubuntu/workspace/Employee/employee.php:10
[13-Dec-2018 22:48:24 UTC] PHP   3. mysqli->close() /home/ubuntu/workspace/Employee/loggedin.php:78
[13-Dec-2018 22:50:44 UTC] PHP Fatal error:  Call to a member function query() on a non-object in /home/ubuntu/workspace/Employee/loggedin.php on line 68
[13-Dec-2018 22:50:44 UTC] PHP Stack trace:
[13-Dec-2018 22:50:44 UTC] PHP   1. {main}() /home/ubuntu/workspace/Employee/employee.php:0
[13-Dec-2018 22:50:44 UTC] PHP   2. require() /home/ubuntu/workspace/Employee/employee.php:10
[13-Dec-2018 22:55:41 UTC] PHP Warning:  mysqli::query(): Couldn't fetch mysqli in /home/ubuntu/workspace/Employee/loggedin.php on line 68
[13-Dec-2018 22:55:41 UTC] PHP Stack trace:
[13-Dec-2018 22:55:41 UTC] PHP   1. {main}() /home/ubuntu/workspace/Employee/employee.php:0
[13-Dec-2018 22:55:41 UTC] PHP   2. require() /home/ubuntu/workspace/Employee/employee.php:10
[13-Dec-2018 22:55:41 UTC] PHP   3. mysqli->query() /home/ubuntu/workspace/Employee/loggedin.php:68
[13-Dec-2018 22:55:41 UTC] PHP Warning:  mysqli::close(): Couldn't fetch mysqli in /home/ubuntu/workspace/Employee/loggedin.php on line 78
[13-Dec-2018 22:55:41 UTC] PHP Stack trace:
[13-Dec-2018 22:55:41 UTC] PHP   1. {main}() /home/ubuntu/workspace/Employee/employee.php:0
[13-Dec-2018 22:55:41 UTC] PHP   2. require() /home/ubuntu/workspace/Employee/employee.php:10
[13-Dec-2018 22:55:41 UTC] PHP   3. mysqli->close() /home/ubuntu/workspace/Employee/loggedin.php:78
[13-Dec-2018 22:56:55 UTC] PHP Fatal error:  Call to a member function query() on a non-object in /home/ubuntu/workspace/Employee/loggedin.php on line 68
[13-Dec-2018 22:56:55 UTC] PHP Stack trace:
[13-Dec-2018 22:56:55 UTC] PHP   1. {main}() /home/ubuntu/workspace/Employee/employee.php:0
[13-Dec-2018 22:56:55 UTC] PHP   2. require() /home/ubuntu/workspace/Employee/employee.php:10
[13-Dec-2018 22:56:56 UTC] PHP Fatal error:  Call to a member function query() on a non-object in /home/ubuntu/workspace/Employee/loggedin.php on line 68
[13-Dec-2018 22:56:56 UTC] PHP Stack trace:
[13-Dec-2018 22:56:56 UTC] PHP   1. {main}() /home/ubuntu/workspace/Employee/employee.php:0
[13-Dec-2018 22:56:56 UTC] PHP   2. require() /home/ubuntu/workspace/Employee/employee.php:10
[13-Dec-2018 22:56:56 UTC] PHP Fatal error:  Call to a member function query() on a non-object in /home/ubuntu/workspace/Employee/loggedin.php on line 68
[13-Dec-2018 22:56:56 UTC] PHP Stack trace:
[13-Dec-2018 22:56:56 UTC] PHP   1. {main}() /home/ubuntu/workspace/Employee/employee.php:0
[13-Dec-2018 22:56:56 UTC] PHP   2. require() /home/ubuntu/workspace/Employee/employee.php:10
[13-Dec-2018 22:56:58 UTC] PHP Fatal error:  Call to a member function query() on a non-object in /home/ubuntu/workspace/Employee/loggedin.php on line 68
[13-Dec-2018 22:56:58 UTC] PHP Stack trace:
[13-Dec-2018 22:56:58 UTC] PHP   1. {main}() /home/ubuntu/workspace/Employee/employee.php:0
[13-Dec-2018 22:56:58 UTC] PHP   2. require() /home/ubuntu/workspace/Employee/employee.php:10
[13-Dec-2018 22:59:04 UTC] PHP Warning:  mysqli::query(): Couldn't fetch mysqli in /home/ubuntu/workspace/Employee/loggedin.php on line 68
[13-Dec-2018 22:59:04 UTC] PHP Stack trace:
[13-Dec-2018 22:59:04 UTC] PHP   1. {main}() /home/ubuntu/workspace/Employee/employee.php:0
[13-Dec-2018 22:59:04 UTC] PHP   2. require() /home/ubuntu/workspace/Employee/employee.php:10
[13-Dec-2018 22:59:04 UTC] PHP   3. mysqli->query() /home/ubuntu/workspace/Employee/loggedin.php:68
[13-Dec-2018 22:59:04 UTC] PHP Warning:  mysqli::close(): Couldn't fetch mysqli in /home/ubuntu/workspace/Employee/loggedin.php on line 78
[13-Dec-2018 22:59:04 UTC] PHP Stack trace:
[13-Dec-2018 22:59:04 UTC] PHP   1. {main}() /home/ubuntu/workspace/Employee/employee.php:0
[13-Dec-2018 22:59:04 UTC] PHP   2. require() /home/ubuntu/workspace/Employee/employee.php:10
[13-Dec-2018 22:59:04 UTC] PHP   3. mysqli->close() /home/ubuntu/workspace/Employee/loggedin.php:78
[13-Dec-2018 23:05:04 UTC] PHP Warning:  mysqli::query(): Couldn't fetch mysqli in /home/ubuntu/workspace/Employee/loggedin.php on line 68
[13-Dec-2018 23:05:04 UTC] PHP Stack trace:
[13-Dec-2018 23:05:04 UTC] PHP   1. {main}() /home/ubuntu/workspace/Employee/employee.php:0
[13-Dec-2018 23:05:04 UTC] PHP   2. require() /home/ubuntu/workspace/Employee/employee.php:10
[13-Dec-2018 23:05:04 UTC] PHP   3. mysqli->query() /home/ubuntu/workspace/Employee/loggedin.php:68
[13-Dec-2018 23:05:04 UTC] PHP Warning:  mysqli::close(): Couldn't fetch mysqli in /home/ubuntu/workspace/Employee/loggedin.php on line 78
[13-Dec-2018 23:05:04 UTC] PHP Stack trace:
[13-Dec-2018 23:05:04 UTC] PHP   1. {main}() /home/ubuntu/workspace/Employee/employee.php:0
[13-Dec-2018 23:05:04 UTC] PHP   2. require() /home/ubuntu/workspace/Employee/employee.php:10
[13-Dec-2018 23:05:04 UTC] PHP   3. mysqli->close() /home/ubuntu/workspace/Employee/loggedin.php:78
[13-Dec-2018 23:05:49 UTC] PHP Warning:  mysqli::query(): Couldn't fetch mysqli in /home/ubuntu/workspace/Employee/loggedin.php on line 68
[13-Dec-2018 23:05:49 UTC] PHP Stack trace:
[13-Dec-2018 23:05:49 UTC] PHP   1. {main}() /home/ubuntu/workspace/Employee/employee.php:0
[13-Dec-2018 23:05:49 UTC] PHP   2. require() /home/ubuntu/workspace/Employee/employee.php:10
[13-Dec-2018 23:05:49 UTC] PHP   3. mysqli->query() /home/ubuntu/workspace/Employee/loggedin.php:68
[13-Dec-2018 23:05:49 UTC] PHP Warning:  mysqli::close(): Couldn't fetch mysqli in /home/ubuntu/workspace/Employee/loggedin.php on line 78
[13-Dec-2018 23:05:49 UTC] PHP Stack trace:
[13-Dec-2018 23:05:49 UTC] PHP   1. {main}() /home/ubuntu/workspace/Employee/employee.php:0
[13-Dec-2018 23:05:49 UTC] PHP   2. require() /home/ubuntu/workspace/Employee/employee.php:10
[13-Dec-2018 23:05:49 UTC] PHP   3. mysqli->close() /home/ubuntu/workspace/Employee/loggedin.php:78
[13-Dec-2018 23:06:25 UTC] PHP Warning:  mysqli::query(): Couldn't fetch mysqli in /home/ubuntu/workspace/Employee/loggedin.php on line 68
[13-Dec-2018 23:06:25 UTC] PHP Stack trace:
[13-Dec-2018 23:06:25 UTC] PHP   1. {main}() /home/ubuntu/workspace/Employee/employee.php:0
[13-Dec-2018 23:06:25 UTC] PHP   2. require() /home/ubuntu/workspace/Employee/employee.php:10
[13-Dec-2018 23:06:25 UTC] PHP   3. mysqli->query() /home/ubuntu/workspace/Employee/loggedin.php:68
[13-Dec-2018 23:06:25 UTC] PHP Warning:  mysqli::close(): Couldn't fetch mysqli in /home/ubuntu/workspace/Employee/loggedin.php on line 78
[13-Dec-2018 23:06:25 UTC] PHP Stack trace:
[13-Dec-2018 23:06:25 UTC] PHP   1. {main}() /home/ubuntu/workspace/Employee/employee.php:0
[13-Dec-2018 23:06:25 UTC] PHP   2. require() /home/ubuntu/workspace/Employee/employee.php:10
[13-Dec-2018 23:06:25 UTC] PHP   3. mysqli->close() /home/ubuntu/workspace/Employee/loggedin.php:78
[13-Dec-2018 23:10:31 UTC] PHP Warning:  mysqli::query(): Couldn't fetch mysqli in /home/ubuntu/workspace/Employee/loggedin.php on line 68
[13-Dec-2018 23:10:31 UTC] PHP Stack trace:
[13-Dec-2018 23:10:31 UTC] PHP   1. {main}() /home/ubuntu/workspace/Employee/employee.php:0
[13-Dec-2018 23:10:31 UTC] PHP   2. require() /home/ubuntu/workspace/Employee/employee.php:10
[13-Dec-2018 23:10:31 UTC] PHP   3. mysqli->query() /home/ubuntu/workspace/Employee/loggedin.php:68
[13-Dec-2018 23:10:31 UTC] PHP Warning:  mysqli::close(): Couldn't fetch mysqli in /home/ubuntu/workspace/Employee/loggedin.php on line 78
[13-Dec-2018 23:10:31 UTC] PHP Stack trace:
[13-Dec-2018 23:10:31 UTC] PHP   1. {main}() /home/ubuntu/workspace/Employee/employee.php:0
[13-Dec-2018 23:10:31 UTC] PHP   2. require() /home/ubuntu/workspace/Employee/employee.php:10
[13-Dec-2018 23:10:31 UTC] PHP   3. mysqli->close() /home/ubuntu/workspace/Employee/loggedin.php:78
[13-Dec-2018 23:11:04 UTC] PHP Warning:  mysqli::query(): Couldn't fetch mysqli in /home/ubuntu/workspace/Employee/loggedin.php on line 68
[13-Dec-2018 23:11:04 UTC] PHP Stack trace:
[13-Dec-2018 23:11:04 UTC] PHP   1. {main}() /home/ubuntu/workspace/Employee/employee.php:0
[13-Dec-2018 23:11:04 UTC] PHP   2. require() /home/ubuntu/workspace/Employee/employee.php:10
[13-Dec-2018 23:11:04 UTC] PHP   3. mysqli->query() /home/ubuntu/workspace/Employee/loggedin.php:68
[13-Dec-2018 23:11:04 UTC] PHP Warning:  mysqli::close(): Couldn't fetch mysqli in /home/ubuntu/workspace/Employee/loggedin.php on line 78
[13-Dec-2018 23:11:04 UTC] PHP Stack trace:
[13-Dec-2018 23:11:04 UTC] PHP   1. {main}() /home/ubuntu/workspace/Employee/employee.php:0
[13-Dec-2018 23:11:04 UTC] PHP   2. require() /home/ubuntu/workspace/Employee/employee.php:10
[13-Dec-2018 23:11:04 UTC] PHP   3. mysqli->close() /home/ubuntu/workspace/Employee/loggedin.php:78
[13-Dec-2018 23:18:29 UTC] PHP Warning:  mysqli::query(): Couldn't fetch mysqli in /home/ubuntu/workspace/Employee/loggedin.php on line 68
[13-Dec-2018 23:18:29 UTC] PHP Stack trace:
[13-Dec-2018 23:18:29 UTC] PHP   1. {main}() /home/ubuntu/workspace/Employee/employee.php:0
[13-Dec-2018 23:18:29 UTC] PHP   2. require() /home/ubuntu/workspace/Employee/employee.php:10
[13-Dec-2018 23:18:29 UTC] PHP   3. mysqli->query() /home/ubuntu/workspace/Employee/loggedin.php:68
[13-Dec-2018 23:18:29 UTC] PHP Warning:  mysqli::close(): Couldn't fetch mysqli in /home/ubuntu/workspace/Employee/loggedin.php on line 78
[13-Dec-2018 23:18:29 UTC] PHP Stack trace:
[13-Dec-2018 23:18:29 UTC] PHP   1. {main}() /home/ubuntu/workspace/Employee/employee.php:0
[13-Dec-2018 23:18:29 UTC] PHP   2. require() /home/ubuntu/workspace/Employee/employee.php:10
[13-Dec-2018 23:18:29 UTC] PHP   3. mysqli->close() /home/ubuntu/workspace/Employee/loggedin.php:78
[14-Dec-2018 00:16:13 UTC] PHP Warning:  mysqli::query(): Couldn't fetch mysqli in /home/ubuntu/workspace/Employee/loggedin.php on line 68
[14-Dec-2018 00:16:13 UTC] PHP Stack trace:
[14-Dec-2018 00:16:13 UTC] PHP   1. {main}() /home/ubuntu/workspace/Employee/employee.php:0
[14-Dec-2018 00:16:13 UTC] PHP   2. require() /home/ubuntu/workspace/Employee/employee.php:10
[14-Dec-2018 00:16:13 UTC] PHP   3. mysqli->query() /home/ubuntu/workspace/Employee/loggedin.php:68
[14-Dec-2018 00:16:13 UTC] PHP Warning:  mysqli::close(): Couldn't fetch mysqli in /home/ubuntu/workspace/Employee/loggedin.php on line 78
[14-Dec-2018 00:16:13 UTC] PHP Stack trace:
[14-Dec-2018 00:16:13 UTC] PHP   1. {main}() /home/ubuntu/workspace/Employee/employee.php:0
[14-Dec-2018 00:16:13 UTC] PHP   2. require() /home/ubuntu/workspace/Employee/employee.php:10
[14-Dec-2018 00:16:13 UTC] PHP   3. mysqli->close() /home/ubuntu/workspace/Employee/loggedin.php:78
[14-Dec-2018 00:22:18 UTC] PHP Warning:  mysqli::query(): Couldn't fetch mysqli in /home/ubuntu/workspace/Employee/loggedin.php on line 68
[14-Dec-2018 00:22:18 UTC] PHP Stack trace:
[14-Dec-2018 00:22:18 UTC] PHP   1. {main}() /home/ubuntu/workspace/Employee/employee.php:0
[14-Dec-2018 00:22:18 UTC] PHP   2. require() /home/ubuntu/workspace/Employee/employee.php:10
[14-Dec-2018 00:22:18 UTC] PHP   3. mysqli->query() /home/ubuntu/workspace/Employee/loggedin.php:68
[14-Dec-2018 00:22:18 UTC] PHP Warning:  mysqli::close(): Couldn't fetch mysqli in /home/ubuntu/workspace/Employee/loggedin.php on line 78
[14-Dec-2018 00:22:18 UTC] PHP Stack trace:
[14-Dec-2018 00:22:18 UTC] PHP   1. {main}() /home/ubuntu/workspace/Employee/employee.php:0
[14-Dec-2018 00:22:18 UTC] PHP   2. require() /home/ubuntu/workspace/Employee/employee.php:10
[14-Dec-2018 00:22:18 UTC] PHP   3. mysqli->close() /home/ubuntu/workspace/Employee/loggedin.php:78
[14-Dec-2018 00:23:29 UTC] PHP Warning:  mysqli::query(): Couldn't fetch mysqli in /home/ubuntu/workspace/Employee/loggedin.php on line 68
[14-Dec-2018 00:23:29 UTC] PHP Stack trace:
[14-Dec-2018 00:23:29 UTC] PHP   1. {main}() /home/ubuntu/workspace/Employee/employee.php:0
[14-Dec-2018 00:23:29 UTC] PHP   2. require() /home/ubuntu/workspace/Employee/employee.php:10
[14-Dec-2018 00:23:29 UTC] PHP   3. mysqli->query() /home/ubuntu/workspace/Employee/loggedin.php:68
[14-Dec-2018 00:23:29 UTC] PHP Warning:  mysqli::close(): Couldn't fetch mysqli in /home/ubuntu/workspace/Employee/loggedin.php on line 78
[14-Dec-2018 00:23:29 UTC] PHP Stack trace:
[14-Dec-2018 00:23:29 UTC] PHP   1. {main}() /home/ubuntu/workspace/Employee/employee.php:0
[14-Dec-2018 00:23:29 UTC] PHP   2. require() /home/ubuntu/workspace/Employee/employee.php:10
[14-Dec-2018 00:23:29 UTC] PHP   3. mysqli->close() /home/ubuntu/workspace/Employee/loggedin.php:78
[14-Dec-2018 00:23:53 UTC] PHP Warning:  mysqli::query(): Couldn't fetch mysqli in /home/ubuntu/workspace/Employee/loggedin.php on line 68
[14-Dec-2018 00:23:53 UTC] PHP Stack trace:
[14-Dec-2018 00:23:53 UTC] PHP   1. {main}() /home/ubuntu/workspace/Employee/employee.php:0
[14-Dec-2018 00:23:53 UTC] PHP   2. require() /home/ubuntu/workspace/Employee/employee.php:10
[14-Dec-2018 00:23:53 UTC] PHP   3. mysqli->query() /home/ubuntu/workspace/Employee/loggedin.php:68
[14-Dec-2018 00:23:53 UTC] PHP Warning:  mysqli::close(): Couldn't fetch mysqli in /home/ubuntu/workspace/Employee/loggedin.php on line 78
[14-Dec-2018 00:23:53 UTC] PHP Stack trace:
[14-Dec-2018 00:23:53 UTC] PHP   1. {main}() /home/ubuntu/workspace/Employee/employee.php:0
[14-Dec-2018 00:23:53 UTC] PHP   2. require() /home/ubuntu/workspace/Employee/employee.php:10
[14-Dec-2018 00:23:53 UTC] PHP   3. mysqli->close() /home/ubuntu/workspace/Employee/loggedin.php:78
[14-Dec-2018 00:30:51 UTC] PHP Fatal error:  Call to a member function query() on a non-object in /home/ubuntu/workspace/Employee/loggedin.php on line 68
[14-Dec-2018 00:30:51 UTC] PHP Stack trace:
[14-Dec-2018 00:30:51 UTC] PHP   1. {main}() /home/ubuntu/workspace/Employee/employee.php:0
[14-Dec-2018 00:30:51 UTC] PHP   2. require() /home/ubuntu/workspace/Employee/employee.php:10
[14-Dec-2018 00:31:38 UTC] PHP Warning:  mysqli::query(): Couldn't fetch mysqli in /home/ubuntu/workspace/Employee/loggedin.php on line 68
[14-Dec-2018 00:31:38 UTC] PHP Stack trace:
[14-Dec-2018 00:31:38 UTC] PHP   1. {main}() /home/ubuntu/workspace/Employee/employee.php:0
[14-Dec-2018 00:31:38 UTC] PHP   2. require() /home/ubuntu/workspace/Employee/employee.php:10
[14-Dec-2018 00:31:38 UTC] PHP   3. mysqli->query() /home/ubuntu/workspace/Employee/loggedin.php:68
[14-Dec-2018 00:31:38 UTC] PHP Warning:  mysqli::close(): Couldn't fetch mysqli in /home/ubuntu/workspace/Employee/loggedin.php on line 78
[14-Dec-2018 00:31:38 UTC] PHP Stack trace:
[14-Dec-2018 00:31:38 UTC] PHP   1. {main}() /home/ubuntu/workspace/Employee/employee.php:0
[14-Dec-2018 00:31:38 UTC] PHP   2. require() /home/ubuntu/workspace/Employee/employee.php:10
[14-Dec-2018 00:31:38 UTC] PHP   3. mysqli->close() /home/ubuntu/workspace/Employee/loggedin.php:78
[14-Dec-2018 00:32:24 UTC] PHP Warning:  mysqli::query(): Couldn't fetch mysqli in /home/ubuntu/workspace/Employee/loggedin.php on line 68
[14-Dec-2018 00:32:24 UTC] PHP Stack trace:
[14-Dec-2018 00:32:24 UTC] PHP   1. {main}() /home/ubuntu/workspace/Employee/employee.php:0
[14-Dec-2018 00:32:24 UTC] PHP   2. require() /home/ubuntu/workspace/Employee/employee.php:10
[14-Dec-2018 00:32:24 UTC] PHP   3. mysqli->query() /home/ubuntu/workspace/Employee/loggedin.php:68
[14-Dec-2018 00:32:24 UTC] PHP Warning:  mysqli::close(): Couldn't fetch mysqli in /home/ubuntu/workspace/Employee/loggedin.php on line 78
[14-Dec-2018 00:32:24 UTC] PHP Stack trace:
[14-Dec-2018 00:32:24 UTC] PHP   1. {main}() /home/ubuntu/workspace/Employee/employee.php:0
[14-Dec-2018 00:32:24 UTC] PHP   2. require() /home/ubuntu/workspace/Employee/employee.php:10
[14-Dec-2018 00:32:24 UTC] PHP   3. mysqli->close() /home/ubuntu/workspace/Employee/loggedin.php:78
[14-Dec-2018 00:33:12 UTC] PHP Warning:  mysqli::query(): Couldn't fetch mysqli in /home/ubuntu/workspace/Employee/loggedin.php on line 68
[14-Dec-2018 00:33:12 UTC] PHP Stack trace:
[14-Dec-2018 00:33:12 UTC] PHP   1. {main}() /home/ubuntu/workspace/Employee/employee.php:0
[14-Dec-2018 00:33:12 UTC] PHP   2. require() /home/ubuntu/workspace/Employee/employee.php:10
[14-Dec-2018 00:33:12 UTC] PHP   3. mysqli->query() /home/ubuntu/workspace/Employee/loggedin.php:68
[14-Dec-2018 00:33:12 UTC] PHP Warning:  mysqli::close(): Couldn't fetch mysqli in /home/ubuntu/workspace/Employee/loggedin.php on line 78
[14-Dec-2018 00:33:12 UTC] PHP Stack trace:
[14-Dec-2018 00:33:12 UTC] PHP   1. {main}() /home/ubuntu/workspace/Employee/employee.php:0
[14-Dec-2018 00:33:12 UTC] PHP   2. require() /home/ubuntu/workspace/Employee/employee.php:10
[14-Dec-2018 00:33:12 UTC] PHP   3. mysqli->close() /home/ubuntu/workspace/Employee/loggedin.php:78
[14-Dec-2018 00:33:24 UTC] PHP Warning:  mysqli::query(): Couldn't fetch mysqli in /home/ubuntu/workspace/Employee/loggedin.php on line 68
[14-Dec-2018 00:33:24 UTC] PHP Stack trace:
[14-Dec-2018 00:33:24 UTC] PHP   1. {main}() /home/ubuntu/workspace/Employee/employee.php:0
[14-Dec-2018 00:33:24 UTC] PHP   2. require() /home/ubuntu/workspace/Employee/employee.php:10
[14-Dec-2018 00:33:24 UTC] PHP   3. mysqli->query() /home/ubuntu/workspace/Employee/loggedin.php:68
[14-Dec-2018 00:33:24 UTC] PHP Warning:  mysqli::close(): Couldn't fetch mysqli in /home/ubuntu/workspace/Employee/loggedin.php on line 78
[14-Dec-2018 00:33:24 UTC] PHP Stack trace:
[14-Dec-2018 00:33:24 UTC] PHP   1. {main}() /home/ubuntu/workspace/Employee/employee.php:0
[14-Dec-2018 00:33:24 UTC] PHP   2. require() /home/ubuntu/workspace/Employee/employee.php:10
[14-Dec-2018 00:33:24 UTC] PHP   3. mysqli->close() /home/ubuntu/workspace/Employee/loggedin.php:78
[14-Dec-2018 00:33:27 UTC] PHP Warning:  mysqli::query(): Couldn't fetch mysqli in /home/ubuntu/workspace/Employee/loggedin.php on line 68
[14-Dec-2018 00:33:27 UTC] PHP Stack trace:
[14-Dec-2018 00:33:27 UTC] PHP   1. {main}() /home/ubuntu/workspace/Employee/employee.php:0
[14-Dec-2018 00:33:27 UTC] PHP   2. require() /home/ubuntu/workspace/Employee/employee.php:10
[14-Dec-2018 00:33:27 UTC] PHP   3. mysqli->query() /home/ubuntu/workspace/Employee/loggedin.php:68
[14-Dec-2018 00:33:27 UTC] PHP Warning:  mysqli::close(): Couldn't fetch mysqli in /home/ubuntu/workspace/Employee/loggedin.php on line 78
[14-Dec-2018 00:33:27 UTC] PHP Stack trace:
[14-Dec-2018 00:33:27 UTC] PHP   1. {main}() /home/ubuntu/workspace/Employee/employee.php:0
[14-Dec-2018 00:33:27 UTC] PHP   2. require() /home/ubuntu/workspace/Employee/employee.php:10
[14-Dec-2018 00:33:27 UTC] PHP   3. mysqli->close() /home/ubuntu/workspace/Employee/loggedin.php:78
[14-Dec-2018 00:33:50 UTC] PHP Warning:  mysqli::query(): Couldn't fetch mysqli in /home/ubuntu/workspace/Employee/loggedin.php on line 68
[14-Dec-2018 00:33:50 UTC] PHP Stack trace:
[14-Dec-2018 00:33:50 UTC] PHP   1. {main}() /home/ubuntu/workspace/Employee/employee.php:0
[14-Dec-2018 00:33:50 UTC] PHP   2. require() /home/ubuntu/workspace/Employee/employee.php:10
[14-Dec-2018 00:33:50 UTC] PHP   3. mysqli->query() /home/ubuntu/workspace/Employee/loggedin.php:68
[14-Dec-2018 00:33:50 UTC] PHP Warning:  mysqli::close(): Couldn't fetch mysqli in /home/ubuntu/workspace/Employee/loggedin.php on line 78
[14-Dec-2018 00:33:50 UTC] PHP Stack trace:
[14-Dec-2018 00:33:50 UTC] PHP   1. {main}() /home/ubuntu/workspace/Employee/employee.php:0
[14-Dec-2018 00:33:50 UTC] PHP   2. require() /home/ubuntu/workspace/Employee/employee.php:10
[14-Dec-2018 00:33:50 UTC] PHP   3. mysqli->close() /home/ubuntu/workspace/Employee/loggedin.php:78
[14-Dec-2018 00:35:20 UTC] PHP Warning:  mysqli::query(): Couldn't fetch mysqli in /home/ubuntu/workspace/Employee/loggedin.php on line 68
[14-Dec-2018 00:35:20 UTC] PHP Stack trace:
[14-Dec-2018 00:35:20 UTC] PHP   1. {main}() /home/ubuntu/workspace/Employee/employee.php:0
[14-Dec-2018 00:35:20 UTC] PHP   2. require() /home/ubuntu/workspace/Employee/employee.php:10
[14-Dec-2018 00:35:20 UTC] PHP   3. mysqli->query() /home/ubuntu/workspace/Employee/loggedin.php:68
[14-Dec-2018 00:35:20 UTC] PHP Warning:  mysqli::close(): Couldn't fetch mysqli in /home/ubuntu/workspace/Employee/loggedin.php on line 78
[14-Dec-2018 00:35:20 UTC] PHP Stack trace:
[14-Dec-2018 00:35:20 UTC] PHP   1. {main}() /home/ubuntu/workspace/Employee/employee.php:0
[14-Dec-2018 00:35:20 UTC] PHP   2. require() /home/ubuntu/workspace/Employee/employee.php:10
[14-Dec-2018 00:35:20 UTC] PHP   3. mysqli->close() /home/ubuntu/workspace/Employee/loggedin.php:78
